<?xml version="1.0" encoding="UTF-8"?>
<!-- Generated by org.testng.reporters.JUnitXMLReporter -->
<testsuite ignored="0" hostname="LAPTOP-D24N5BSP" failures="0" tests="5" name="Test" time="328.391" errors="0" timestamp="2022-11-19T19:03:14 IST">
  <testcase classname="admintestcase.Logintest" name="adminloginlogout" time="34.97"/>
  <testcase classname="admintestcase.Frontofficetest" name="frontofficetest" time="18.25"/>
  <testcase classname="admintestcase.Vistortest" name="testvistor" time="22.237"/>
  <testcase classname="admintestcase.Vistortest" name="testvistor" time="8.17"/>
  <testcase classname="admintestcase.Vistortest" name="testvistor" time="6.222"/>
</testsuite> <!-- Test -->
