<?xml version="1.0" encoding="UTF-8"?>
<!-- Generated by org.testng.reporters.JUnitReportReporter -->
<testsuite hostname="LAPTOP-D24N5BSP" failures="0" tests="3" name="admintestcase.Vistortest" time="251.947" errors="0" timestamp="2022-11-22T21:37:12 IST" skipped="0">
  <testcase classname="admintestcase.Vistortest" name="testvistor" time="127.547"/>
  <system-out/>
  <testcase classname="admintestcase.Vistortest" name="testvistor" time="56.974"/>
  <system-out/>
  <testcase classname="admintestcase.Vistortest" name="testvistor" time="67.426"/>
  <system-out/>
</testsuite> <!-- admintestcase.Vistortest -->
